# JRE version: OpenJDK Runtime Environment (11.0.13) (build 11.0.13+0-b1751.21-8125866)
# Java VM: OpenJDK 64-Bit Server VM (11.0.13+0-b1751.21-8125866, mixed mode, tiered, compressed oops, g1 gc, windows-amd64)
Heap:
 garbage-first heap   total 315392K, used 45779K [0x0000000701000000, 0x0000000800000000)
  region size 1024K, 11 young (11264K), 11 survivors (11264K)
 Metaspace       used 63483K, capacity 64343K, committed 64512K, reserved 1105920K
  class space    used 7298K, capacity 7669K, committed 7680K, reserved 1048576K
GC Heap History (13 events):
Event: 1.172 GC heap before
{Heap before GC invocations=0 (full 0):
 garbage-first heap   total 262144K, used 17408K [0x0000000701000000, 0x0000000800000000)
  region size 1024K, 14 young (14336K), 0 survivors (0K)
 Metaspace       used 9925K, capacity 10066K, committed 10112K, reserved 1058816K
  class space    used 833K, capacity 885K, committed 896K, reserved 1048576K
}
Event: 1.196 GC heap after
{Heap after GC invocations=1 (full 0):
 garbage-first heap   total 262144K, used 5460K [0x0000000701000000, 0x0000000800000000)
  region size 1024K, 2 young (2048K), 2 survivors (2048K)
 Metaspace       used 9925K, capacity 10066K, committed 10112K, reserved 1058816K
  class space    used 833K, capacity 885K, committed 896K, reserved 1048576K
}
Event: 4.245 GC heap before
{Heap before GC invocations=1 (full 0):
 garbage-first heap   total 262144K, used 50516K [0x0000000701000000, 0x0000000800000000)
  region size 1024K, 47 young (48128K), 2 survivors (2048K)
 Metaspace       used 20894K, capacity 21188K, committed 21248K, reserved 1069056K
  class space    used 2189K, capacity 2278K, committed 2304K, reserved 1048576K
}
Event: 4.270 GC heap after
{Heap after GC invocations=2 (full 0):
 garbage-first heap   total 262144K, used 9804K [0x0000000701000000, 0x0000000800000000)
  region size 1024K, 7 young (7168K), 7 survivors (7168K)
 Metaspace       used 20894K, capacity 21188K, committed 21248K, reserved 1069056K
  class space    used 2189K, capacity 2278K, committed 2304K, reserved 1048576K
}
Event: 6.873 GC heap before
{Heap before GC invocations=3 (full 0):
 garbage-first heap   total 262144K, used 49740K [0x0000000701000000, 0x0000000800000000)
  region size 1024K, 43 young (44032K), 7 survivors (7168K)
 Metaspace       used 31539K, capacity 32043K, committed 32128K, reserved 1077248K
  class space    used 3717K, capacity 3939K, committed 3968K, reserved 1048576K
}
Event: 6.888 GC heap after
{Heap after GC invocations=4 (full 0):
 garbage-first heap   total 262144K, used 16036K [0x0000000701000000, 0x0000000800000000)
  region size 1024K, 4 young (4096K), 4 survivors (4096K)
 Metaspace       used 31539K, capacity 32043K, committed 32128K, reserved 1077248K
  class space    used 3717K, capacity 3939K, committed 3968K, reserved 1048576K
}
Event: 8.252 GC heap before
{Heap before GC invocations=4 (full 0):
 garbage-first heap   total 262144K, used 39588K [0x0000000701000000, 0x0000000800000000)
  region size 1024K, 26 young (26624K), 4 survivors (4096K)
 Metaspace       used 35256K, capacity 35703K, committed 35840K, reserved 1081344K
  class space    used 4326K, capacity 4518K, committed 4608K, reserved 1048576K
}
Event: 8.264 GC heap after
{Heap after GC invocations=5 (full 0):
 garbage-first heap   total 262144K, used 21687K [0x0000000701000000, 0x0000000800000000)
  region size 1024K, 7 young (7168K), 7 survivors (7168K)
 Metaspace       used 35256K, capacity 35703K, committed 35840K, reserved 1081344K
  class space    used 4326K, capacity 4518K, committed 4608K, reserved 1048576K
}
Event: 12.781 GC heap before
{Heap before GC invocations=6 (full 0):
 garbage-first heap   total 262144K, used 80055K [0x0000000701000000, 0x0000000800000000)
  region size 1024K, 64 young (65536K), 7 survivors (7168K)
 Metaspace       used 47824K, capacity 48410K, committed 48768K, reserved 1091584K
  class space    used 5654K, capacity 5891K, committed 6016K, reserved 1048576K
}
Event: 12.842 GC heap after
{Heap after GC invocations=7 (full 0):
 garbage-first heap   total 262144K, used 26673K [0x0000000701000000, 0x0000000800000000)
  region size 1024K, 8 young (8192K), 8 survivors (8192K)
 Metaspace       used 47824K, capacity 48410K, committed 48768K, reserved 1091584K
  class space    used 5654K, capacity 5891K, committed 6016K, reserved 1048576K
}
Event: 19.167 GC heap before
{Heap before GC invocations=8 (full 0):
 garbage-first heap   total 262144K, used 93233K [0x0000000701000000, 0x0000000800000000)
  region size 1024K, 72 young (73728K), 8 survivors (8192K)
 Metaspace       used 55154K, capacity 55816K, committed 56064K, reserved 1099776K
  class space    used 6351K, capacity 6644K, committed 6656K, reserved 1048576K
}
Event: 19.201 GC heap after
{Heap after GC invocations=9 (full 0):
 garbage-first heap   total 262144K, used 35468K [0x0000000701000000, 0x0000000800000000)
  region size 1024K, 9 young (9216K), 9 survivors (9216K)
 Metaspace       used 55154K, capacity 55816K, committed 56064K, reserved 1099776K
  class space    used 6351K, capacity 6644K, committed 6656K, reserved 1048576K
}
Event: 30.986 GC heap before
{Heap before GC invocations=9 (full 0):
 garbage-first heap   total 262144K, used 119436K [0x0000000701000000, 0x0000000800000000)
  region size 1024K, 91 young (93184K), 9 survivors (9216K)
 Metaspace       used 63483K, capacity 64343K, committed 64512K, reserved 1105920K
  class space    used 7298K, capacity 7669K, committed 7680K, reserved 1048576K
}

